<?xml version="1.0" encoding="UTF-8"?>
<!-- Generated by org.testng.reporters.JUnitReportReporter -->
<testsuite hostname="DESKTOP-8KVFQ6T" name="TestModule1.TestMavenSureFirePlugin" tests="1" failures="0" timestamp="20 Aug 2016 12:18:13 GMT" time="37.371" errors="0">
  <testcase name="start" time="37.371" classname="TestModule1.TestMavenSureFirePlugin"/>
</testsuite> <!-- TestModule1.TestMavenSureFirePlugin -->
